<?xml version="1.0" encoding="UTF-8"?>
<!-- Generated by org.testng.reporters.JUnitXMLReporter -->
<testsuite hostname="Vishals-MacBook-Air-2.local" name="Default test" tests="3" failures="0" timestamp="24 Oct 2017 11:31:08 GMT" time="22.668" errors="0">
  <testcase name="LaunchChromeBrowser" time="2.161" classname="Org.demo.ChromeLaunchOnJenkins"/>
  <testcase name="OpenLinkServify360DashbordUrl" time="3.295" classname="Org.demo.ChromeLaunchOnJenkins"/>
  <testcase name="UserLoginServify360Dashbord" time="17.178" classname="Org.demo.ChromeLaunchOnJenkins"/>
</testsuite> <!-- Default test -->
