<?xml version="1.0" encoding="UTF-8"?>
<!-- Generated by org.testng.reporters.JUnitXMLReporter -->
<testsuite hostname="Vishals-MacBook-Air-2.local" name="Test" tests="3" failures="0" timestamp="31 Oct 2017 07:37:16 GMT" time="19.0" errors="0">
  <testcase name="LaunchChromeBrowser" time="2.196" classname="Org.demo.ChromeLaunchOnJenkins"/>
  <testcase name="OpenLinkServify360DashbordUrl" time="3.617" classname="Org.demo.ChromeLaunchOnJenkins"/>
  <testcase name="UserLoginServify360Dashbord" time="13.15" classname="Org.demo.ChromeLaunchOnJenkins"/>
</testsuite> <!-- Test -->
