<?xml version="1.0" encoding="UTF-8"?>
<!-- Generated by org.testng.reporters.JUnitXMLReporter -->
<testsuite hostname="Vishals-MacBook-Air-2.local" name="Test" tests="3" failures="0" timestamp="24 Oct 2017 03:43:06 GMT" time="18.112" errors="0">
  <testcase name="LaunchChromeBrowser" time="2.273" classname="Org.demo.ChromeLaunchOnJenkins"/>
  <testcase name="OpenLinkServify360DashbordUrl" time="3.048" classname="Org.demo.ChromeLaunchOnJenkins"/>
  <testcase name="UserLoginServify360Dashbord" time="12.756" classname="Org.demo.ChromeLaunchOnJenkins"/>
</testsuite> <!-- Test -->
