<?xml version="1.0" encoding="UTF-8"?>
<testng-results skipped="0" failed="0" total="1" passed="1">
  <reporter-output>
  </reporter-output>
  <suite name="Suite" duration-ms="2246" started-at="2017-10-18T11:25:54Z" finished-at="2017-10-18T11:25:57Z">
    <groups>
    </groups>
    <test name="Test" duration-ms="2246" started-at="2017-10-18T11:25:54Z" finished-at="2017-10-18T11:25:57Z">
      <class name="Org.demo.ChromeLaunchOnJenkins">
        <test-method status="PASS" signature="LaunchChromeBrowser()[pri:1, instance:Org.demo.ChromeLaunchOnJenkins@1810399e]" name="LaunchChromeBrowser" duration-ms="2222" started-at="2017-10-18T16:55:54Z" finished-at="2017-10-18T16:55:57Z">
          <reporter-output>
          </reporter-output>
        </test-method> <!-- LaunchChromeBrowser -->
      </class> <!-- Org.demo.ChromeLaunchOnJenkins -->
    </test> <!-- Test -->
  </suite> <!-- Suite -->
</testng-results>
