<?xml version="1.0" encoding="UTF-8"?>
<testng-results skipped="0" failed="0" total="1" passed="1">
  <reporter-output>
  </reporter-output>
  <suite name="Suite" duration-ms="1729" started-at="2017-10-17T07:06:53Z" finished-at="2017-10-17T07:06:55Z">
    <groups>
    </groups>
    <test name="Test" duration-ms="1729" started-at="2017-10-17T07:06:53Z" finished-at="2017-10-17T07:06:55Z">
      <class name="Org.demo.ChromeLaunchOnJenkins">
        <test-method status="PASS" signature="LaunchChromeBrowser()[pri:1, instance:Org.demo.ChromeLaunchOnJenkins@1810399e]" name="LaunchChromeBrowser" duration-ms="1715" started-at="2017-10-17T12:36:53Z" finished-at="2017-10-17T12:36:55Z">
          <reporter-output>
          </reporter-output>
        </test-method> <!-- LaunchChromeBrowser -->
      </class> <!-- Org.demo.ChromeLaunchOnJenkins -->
    </test> <!-- Test -->
  </suite> <!-- Suite -->
</testng-results>
